[2021-12-23T17:53:53.102] [ERROR] app - SequelizeEagerLoadingError: Review is associated to Product using an alias. You've included an alias (Reviews), but it does not match the alias(es) defined in your association (reviews).. ProductController@:37
[2021-12-23T17:55:14.673] [INFO] app - Fetching products. ProductController@:32
[2021-12-23T20:23:33.361] [INFO] app - Fetching products. ProductController@:32
[2021-12-23T20:23:38.016] [ERROR] app - Error: Error: product not found. ProductController@edit:119
[2021-12-23T21:50:48.386] [ERROR] app - SequelizeForeignKeyConstraintError: Cannot delete or update a parent row: a foreign key constraint fails. index@:59
[2021-12-23T21:53:37.098] [ERROR] app - SequelizeForeignKeyConstraintError: Cannot delete or update a parent row: a foreign key constraint fails. index@:59
[2021-12-23T21:57:16.405] [ERROR] app - SequelizeForeignKeyConstraintError: Cannot delete or update a parent row: a foreign key constraint fails. index@:59
[2021-12-23T23:34:49.168] [INFO] app - New product created. ProductController@:69
[2021-12-23T23:43:57.986] [ERROR] app - SequelizeValidationError: notNull Violation: Customer.first_name cannot be null,
notNull Violation: Customer.last_name cannot be null,
notNull Violation: Customer.email cannot be null,
notNull Violation: Customer.phone_number cannot be null. CustomerController@store:84
[2021-12-23T23:45:45.280] [ERROR] app - SequelizeDatabaseError: Field 'address' doesn't have a default value. CustomerController@store:84
[2021-12-23T23:46:08.716] [ERROR] app - SequelizeDatabaseError: Field 'address' doesn't have a default value. CustomerController@store:84
[2021-12-23T23:47:56.206] [ERROR] app - SequelizeDatabaseError: Field 'city' doesn't have a default value. CustomerController@store:84
[2021-12-23T23:48:50.274] [INFO] app - New customer created. CustomerController@:70
[2021-12-23T23:49:15.309] [INFO] app - Fetching customers. CustomerController@:30
[2021-12-23T23:49:34.153] [ERROR] app - SequelizeUniqueConstraintError: Validation error. CustomerController@store:84
[2021-12-23T23:50:01.890] [ERROR] app - SequelizeUniqueConstraintError: Validation error. CustomerController@store:84
[2021-12-23T23:50:32.986] [INFO] app - New customer created. CustomerController@:70
[2021-12-23T23:50:42.484] [INFO] app - Fetching customers. CustomerController@:30
